<?xml version="1.0" encoding="UTF-8"?>
<testsuite xmlns:xsi="http://www.w3.org/2001/XMLSchema-instance" xsi:noNamespaceSchemaLocation="https://maven.apache.org/surefire/maven-surefire-plugin/xsd/surefire-test-report.xsd" version="3.0.1" name="TestSuite" time="110.334" tests="2" errors="0" skipped="0" failures="1">
  <properties>
[...]
</properties>
  <testcase name="runScenario[&quot;Verify users can filter and sort community members with different sorting options&quot;, &quot;Verifying Community Members&quot;](1)" classname="com.techSoft.testRunners.TestRunner" time="34.027">
    <system-out><![CDATA[
======================================================================
[2025-08-24 09:24:12] ----- [Test Execution Started] -----
=======================================================================


@web
Scenario Outline: Verify users can filter and sort community members with different sorting options # src/test/resources/features/CommunityMembers.feature:19

======================================================================
[2025-08-24 09:24:12]  🚀 Setting Up Feature File: [CommunityMembers.feature]
[2025-08-24 09:24:12]  🎯 Executing Scenario    : [verify users can filter and sort community members with different sorting options]
=======================================================================

Launching the Local Headless chrome browser
  Given the user is on the login page                                                               # com.techSoft.stepDefinitions.steps_web.CommunityMembersSteps.theUserIsOnTheLoginPage()
  When the user logs in with valid credentials                                                      # com.techSoft.stepDefinitions.steps_web.CommunityMembersSteps.theUserLogsInWithValidCredentials()
  Then the user should be redirected to the dashboard                                               # com.techSoft.stepDefinitions.steps_web.CommunityMembersSteps.theUserShouldBeRedirectedToTheDashboard()
  When the user navigates to the "Connect" section                                                  # com.techSoft.stepDefinitions.steps_web.CommunityMembersSteps.theUserNavigatesToTheSection(java.lang.String)
  And the user selects "Community" as the connection type                                           # com.techSoft.stepDefinitions.steps_web.CommunityMembersSteps.theUserSelectsConnectionType(java.lang.String)
  And the user clicks on the sort button                                                            # com.techSoft.stepDefinitions.steps_web.CommunityMembersSteps.theUserClicksOnTheSortButton()
  And the user selects "A-Z" sorting                                                                # com.techSoft.stepDefinitions.steps_web.CommunityMembersSteps.theUserSelectsSorting(java.lang.String)
  Then the user should see the sorted community members list                                        # com.techSoft.stepDefinitions.steps_web.CommunityMembersSteps.theUserShouldSeeTheSortedCommunityMembersList()
  And the list should not be empty                                                                  # com.techSoft.stepDefinitions.steps_web.CommunityMembersSteps.theListShouldNotBeEmpty()
]]></system-out>
    <system-err><![CDATA[Aug 24, 2025 9:24:14 AM org.openqa.selenium.devtools.CdpVersionFinder findNearestMatch
WARNING: Unable to find CDP implementation matching 139
Aug 24, 2025 9:24:14 AM org.openqa.selenium.chromium.ChromiumDriver lambda$new$5
WARNING: Unable to find version of CDP to use for 139.0.7258.138. You may need to include a dependency on a specific version of the CDP using something similar to `org.seleniumhq.selenium:selenium-devtools-v86:4.22.0` where the version ("v86") matches the version of the chromium-based browser you're using and the version number of the artifact is the same as Selenium's.
]]></system-err>
  </testcase>
  <testcase name="runScenario[&quot;Verify users can filter and sort community members with different sorting options&quot;, &quot;Verifying Community Members&quot;](2)" classname="com.techSoft.testRunners.TestRunner" time="64.93">
    <failure message="no such element: Unable to locate element: {&quot;method&quot;:&quot;xpath&quot;,&quot;selector&quot;:&quot;//button[.=&apos;Sign In&apos;]&quot;}&#10;  (Session info: chrome=139.0.7258.138)&#10;For documentation on this error, please visit: https://www.selenium.dev/documentation/webdriver/troubleshooting/errors#no-such-element-exception&#10;Build info: version: &apos;4.22.0&apos;, revision: &apos;c5f3146703*&apos;&#10;System info: os.name: &apos;Windows 11&apos;, os.arch: &apos;amd64&apos;, os.version: &apos;10.0&apos;, java.version: &apos;17.0.14&apos;&#10;Driver info: org.openqa.selenium.chrome.ChromeDriver&#10;Command: [117501abc67de7faeff05c89db367ce0, findElement {using=xpath, value=//button[.=&apos;Sign In&apos;]}]&#10;Capabilities {acceptInsecureCerts: true, browserName: chrome, browserVersion: 139.0.7258.138, chrome: {chromedriverVersion: 139.0.7258.138 (884e54ea8d4..., userDataDir: C:\Users\MILIND~1.GHO\AppDa...}, fedcm:accounts: true, goog:chromeOptions: {debuggerAddress: localhost:57603}, networkConnectionEnabled: false, pageLoadStrategy: eager, platformName: windows, proxy: Proxy(), se:cdp: ws://localhost:57603/devtoo..., se:cdpVersion: 139.0.7258.138, setWindowRect: true, strictFileInteractability: false, timeouts: {implicit: 0, pageLoad: 300000, script: 30000}, unhandledPromptBehavior: dismiss and notify, webauthn:extension:credBlob: true, webauthn:extension:largeBlob: true, webauthn:extension:minPinLength: true, webauthn:extension:prf: true, webauthn:virtualAuthenticators: true}&#10;Session ID: 117501abc67de7faeff05c89db367ce0" type="org.openqa.selenium.NoSuchElementException"><![CDATA[org.openqa.selenium.NoSuchElementException: 
no such element: Unable to locate element: {"method":"xpath","selector":"//button[.='Sign In']"}
  (Session info: chrome=139.0.7258.138)
For documentation on this error, please visit: https://www.selenium.dev/documentation/webdriver/troubleshooting/errors#no-such-element-exception
Build info: version: '4.22.0', revision: 'c5f3146703*'
System info: os.name: 'Windows 11', os.arch: 'amd64', os.version: '10.0', java.version: '17.0.14'
Driver info: org.openqa.selenium.chrome.ChromeDriver
Command: [117501abc67de7faeff05c89db367ce0, findElement {using=xpath, value=//button[.='Sign In']}]
Capabilities {acceptInsecureCerts: true, browserName: chrome, browserVersion: 139.0.7258.138, chrome: {chromedriverVersion: 139.0.7258.138 (884e54ea8d4..., userDataDir: C:\Users\MILIND~1.GHO\AppDa...}, fedcm:accounts: true, goog:chromeOptions: {debuggerAddress: localhost:57603}, networkConnectionEnabled: false, pageLoadStrategy: eager, platformName: windows, proxy: Proxy(), se:cdp: ws://localhost:57603/devtoo..., se:cdpVersion: 139.0.7258.138, setWindowRect: true, strictFileInteractability: false, timeouts: {implicit: 0, pageLoad: 300000, script: 30000}, unhandledPromptBehavior: dismiss and notify, webauthn:extension:credBlob: true, webauthn:extension:largeBlob: true, webauthn:extension:minPinLength: true, webauthn:extension:prf: true, webauthn:virtualAuthenticators: true}
Session ID: 117501abc67de7faeff05c89db367ce0
	at java.base/jdk.internal.reflect.NativeConstructorAccessorImpl.newInstance0(Native Method)
	at java.base/jdk.internal.reflect.NativeConstructorAccessorImpl.newInstance(NativeConstructorAccessorImpl.java:77)
	at java.base/jdk.internal.reflect.DelegatingConstructorAccessorImpl.newInstance(DelegatingConstructorAccessorImpl.java:45)
	at java.base/java.lang.reflect.Constructor.newInstanceWithCaller(Constructor.java:500)
	at java.base/java.lang.reflect.Constructor.newInstance(Constructor.java:481)
	at org.openqa.selenium.remote.ErrorCodec.decode(ErrorCodec.java:167)
	at org.openqa.selenium.remote.codec.w3c.W3CHttpResponseCodec.decode(W3CHttpResponseCodec.java:138)
	at org.openqa.selenium.remote.codec.w3c.W3CHttpResponseCodec.decode(W3CHttpResponseCodec.java:50)
	at org.openqa.selenium.remote.HttpCommandExecutor.execute(HttpCommandExecutor.java:190)
	at org.openqa.selenium.remote.service.DriverCommandExecutor.invokeExecute(DriverCommandExecutor.java:216)
	at org.openqa.selenium.remote.service.DriverCommandExecutor.execute(DriverCommandExecutor.java:174)
	at org.openqa.selenium.remote.RemoteWebDriver.execute(RemoteWebDriver.java:518)
	at org.openqa.selenium.remote.ElementLocation$ElementFinder$2.findElement(ElementLocation.java:165)
	at org.openqa.selenium.remote.ElementLocation.findElement(ElementLocation.java:59)
	at org.openqa.selenium.remote.RemoteWebDriver.findElement(RemoteWebDriver.java:355)
	at org.openqa.selenium.remote.RemoteWebDriver.findElement(RemoteWebDriver.java:349)
	at com.techSoft.pageObjects.web.LoginPage.webLogin(LoginPage.java:30)
	at com.techSoft.stepDefinitions.steps_web.CommunityMembersSteps.theUserLogsInWithValidCredentials(CommunityMembersSteps.java:30)
	at ✽.the user logs in with valid credentials(file:///C:/Users/milind.ghongade/IdeaProjects/TechSoftSolutions/src/test/resources/features/CommunityMembers.feature:6)
]]></failure>
    <system-out><![CDATA[
@web
Scenario Outline: Verify users can filter and sort community members with different sorting options # src/test/resources/features/CommunityMembers.feature:20

======================================================================
[2025-08-24 09:24:46]  🚀 Setting Up Feature File: [CommunityMembers.feature]
[2025-08-24 09:24:46]  🎯 Executing Scenario    : [verify users can filter and sort community members with different sorting options]
=======================================================================

Launching the Local Headless chrome browser
  Given the user is on the login page                                                               # com.techSoft.stepDefinitions.steps_web.CommunityMembersSteps.theUserIsOnTheLoginPage()
  When the user logs in with valid credentials                                                      # com.techSoft.stepDefinitions.steps_web.CommunityMembersSteps.theUserLogsInWithValidCredentials()
      org.openqa.selenium.NoSuchElementException: no such element: Unable to locate element: {"method":"xpath","selector":"//button[.='Sign In']"}
  (Session info: chrome=139.0.7258.138)
For documentation on this error, please visit: https://www.selenium.dev/documentation/webdriver/troubleshooting/errors#no-such-element-exception
Build info: version: '4.22.0', revision: 'c5f3146703*'
System info: os.name: 'Windows 11', os.arch: 'amd64', os.version: '10.0', java.version: '17.0.14'
Driver info: org.openqa.selenium.chrome.ChromeDriver
Command: [117501abc67de7faeff05c89db367ce0, findElement {using=xpath, value=//button[.='Sign In']}]
Capabilities {acceptInsecureCerts: true, browserName: chrome, browserVersion: 139.0.7258.138, chrome: {chromedriverVersion: 139.0.7258.138 (884e54ea8d4..., userDataDir: C:\Users\MILIND~1.GHO\AppDa...}, fedcm:accounts: true, goog:chromeOptions: {debuggerAddress: localhost:57603}, networkConnectionEnabled: false, pageLoadStrategy: eager, platformName: windows, proxy: Proxy(), se:cdp: ws://localhost:57603/devtoo..., se:cdpVersion: 139.0.7258.138, setWindowRect: true, strictFileInteractability: false, timeouts: {implicit: 0, pageLoad: 300000, script: 30000}, unhandledPromptBehavior: dismiss and notify, webauthn:extension:credBlob: true, webauthn:extension:largeBlob: true, webauthn:extension:minPinLength: true, webauthn:extension:prf: true, webauthn:virtualAuthenticators: true}
Session ID: 117501abc67de7faeff05c89db367ce0
	at java.base/jdk.internal.reflect.NativeConstructorAccessorImpl.newInstance0(Native Method)
	at java.base/jdk.internal.reflect.NativeConstructorAccessorImpl.newInstance(NativeConstructorAccessorImpl.java:77)
	at java.base/jdk.internal.reflect.DelegatingConstructorAccessorImpl.newInstance(DelegatingConstructorAccessorImpl.java:45)
	at java.base/java.lang.reflect.Constructor.newInstanceWithCaller(Constructor.java:500)
	at java.base/java.lang.reflect.Constructor.newInstance(Constructor.java:481)
	at org.openqa.selenium.remote.ErrorCodec.decode(ErrorCodec.java:167)
	at org.openqa.selenium.remote.codec.w3c.W3CHttpResponseCodec.decode(W3CHttpResponseCodec.java:138)
	at org.openqa.selenium.remote.codec.w3c.W3CHttpResponseCodec.decode(W3CHttpResponseCodec.java:50)
	at org.openqa.selenium.remote.HttpCommandExecutor.execute(HttpCommandExecutor.java:190)
	at org.openqa.selenium.remote.service.DriverCommandExecutor.invokeExecute(DriverCommandExecutor.java:216)
	at org.openqa.selenium.remote.service.DriverCommandExecutor.execute(DriverCommandExecutor.java:174)
	at org.openqa.selenium.remote.RemoteWebDriver.execute(RemoteWebDriver.java:518)
	at org.openqa.selenium.remote.ElementLocation$ElementFinder$2.findElement(ElementLocation.java:165)
	at org.openqa.selenium.remote.ElementLocation.findElement(ElementLocation.java:59)
	at org.openqa.selenium.remote.RemoteWebDriver.findElement(RemoteWebDriver.java:355)
	at org.openqa.selenium.remote.RemoteWebDriver.findElement(RemoteWebDriver.java:349)
	at com.techSoft.pageObjects.web.LoginPage.webLogin(LoginPage.java:30)
	at com.techSoft.stepDefinitions.steps_web.CommunityMembersSteps.theUserLogsInWithValidCredentials(CommunityMembersSteps.java:30)
	at âœ½.the user logs in with valid credentials(file:///C:/Users/milind.ghongade/IdeaProjects/TechSoftSolutions/src/test/resources/features/CommunityMembers.feature:6)

  Then the user should be redirected to the dashboard                                               # com.techSoft.stepDefinitions.steps_web.CommunityMembersSteps.theUserShouldBeRedirectedToTheDashboard()
  When the user navigates to the "Connect" section                                                  # com.techSoft.stepDefinitions.steps_web.CommunityMembersSteps.theUserNavigatesToTheSection(java.lang.String)
  And the user selects "Community" as the connection type                                           # com.techSoft.stepDefinitions.steps_web.CommunityMembersSteps.theUserSelectsConnectionType(java.lang.String)
  And the user clicks on the sort button                                                            # com.techSoft.stepDefinitions.steps_web.CommunityMembersSteps.theUserClicksOnTheSortButton()
  And the user selects "Newest members" sorting                                                     # com.techSoft.stepDefinitions.steps_web.CommunityMembersSteps.theUserSelectsSorting(java.lang.String)
  Then the user should see the sorted community members list                                        # com.techSoft.stepDefinitions.steps_web.CommunityMembersSteps.theUserShouldSeeTheSortedCommunityMembersList()
  And the list should not be empty                                                                  # com.techSoft.stepDefinitions.steps_web.CommunityMembersSteps.theListShouldNotBeEmpty()

    Embedding Failure Screenshot (Web) [image/png 2069 bytes]

]]></system-out>
    <system-err><![CDATA[Aug 24, 2025 9:24:47 AM org.openqa.selenium.devtools.CdpVersionFinder findNearestMatch
WARNING: Unable to find CDP implementation matching 139
Aug 24, 2025 9:24:47 AM org.openqa.selenium.chromium.ChromiumDriver lambda$new$5
WARNING: Unable to find version of CDP to use for 139.0.7258.138. You may need to include a dependency on a specific version of the CDP using something similar to `org.seleniumhq.selenium:selenium-devtools-v86:4.22.0` where the version ("v86") matches the version of the chromium-based browser you're using and the version number of the artifact is the same as Selenium's.
]]></system-err>
  </testcase>
</testsuite>